<?xml version="1.0" encoding="UTF-8"?>
<!-- Generated by org.testng.reporters.JUnitXMLReporter -->
<testsuite hostname="IN0012KO" ignored="0" name="Test" tests="3" failures="0" timestamp="2023-01-18T01:24:06 IST" time="20.748" errors="0">
  <testcase name="verifyAppLicationTitle" time="0.128" classname="CompTestScreen.TC_01_AddComp"/>
  <testcase name="CheckAddCompElements" time="2.532" classname="CompTestScreen.TC_01_AddComp"/>
  <testcase name="AddNewComp" time="8.759" classname="CompTestScreen.TC_01_AddComp"/>
</testsuite> <!-- Test -->
